a           : inserted
at          : inserted
from        : inserted
his         : inserted
no          : inserted
an          : inserted
be          : inserted
had         : inserted
i           : inserted
not         : inserted
and         : inserted
but         : inserted
have        : inserted
in          : inserted
of          : inserted
are         : inserted
by          : inserted
he          : inserted
is          : inserted
on          : inserted
as          : inserted
for         : inserted
her         : inserted
it          : inserted
or          : inserted

25 words
37 letters
38 nodes

a           : repeated
at          : repeated
from        : repeated
his         : repeated
no          : repeated
an          : repeated
be          : repeated
had         : repeated
i           : repeated
not         : repeated
and         : repeated

25 words
37 letters
38 nodes

