ama         : inserted
amai        : inserted
amais       : inserted
amam        : inserted
amamos      : inserted
amar        : inserted
amara       : inserted
amará      : inserted
amaram      : inserted
amáramos   : inserted
amarão     : inserted
amaras      : inserted
amarás     : inserted
amardes     : inserted
amarei      : inserted
amareis     : inserted
amarem      : inserted
amaremos    : inserted
amares      : inserted
amaria      : inserted
amariam     : inserted
amaríamos  : inserted
amarias     : inserted
amaríeis   : inserted
amarmos     : inserted
amas        : inserted
amasse      : inserted
amásseis   : inserted
amassem     : inserted
amássemos  : inserted
amasses     : inserted
amaste      : inserted
amastes     : inserted
amava       : inserted
amavam      : inserted
amávamos   : inserted
amavas      : inserted
amáveis    : inserted
ame         : inserted
amei        : inserted
ameis       : inserted
amem        : inserted
amemos      : inserted
ames        : inserted
amo         : inserted
amou        : inserted

46 words
86 letters
87 nodes

ama         : removed
amai        : removed
amais       : removed
amam        : removed
amamos      : removed
amar        : removed
amara       : removed
amará      : removed
amaram      : removed
amarão     : removed
amaras      : removed
amarás     : removed
amardes     : removed
amarei      : removed
amareis     : removed
amarem      : removed
amaremos    : removed
amares      : removed
amaria      : removed
amariam     : removed
amaríamos  : removed
amarias     : removed
amaríeis   : removed
amarmos     : removed
amas        : removed
amasse      : removed
amassem     : removed
amasses     : removed
amaste      : removed
amastes     : removed
amava       : removed
amavam      : removed
amavas      : removed

0 words
0 letters
1 nodes

